{"/Users/deluxan.mariathasan/Documents/Projects/cric-at/metro.config.js": {"path":"/Users/deluxan.mariathasan/Documents/Projects/cric-at/metro.config.js","statementMap":{"0":{"start":{"line":1,"column":29},"end":{"line":1,"column":57}},"1":{"start":{"line":2,"column":27},"end":{"line":2,"column":54}},"2":{"start":{"line":4,"column":15},"end":{"line":4,"column":42}},"3":{"start":{"line":6,"column":0},"end":{"line":6,"column":66}}},"fnMap":{},"branchMap":{},"s":{"0":0,"1":0,"2":0,"3":0},"f":{},"b":{}}
,"/Users/deluxan.mariathasan/Documents/Projects/cric-at/nativewind-env.d.ts": {"path":"/Users/deluxan.mariathasan/Documents/Projects/cric-at/nativewind-env.d.ts","statementMap":{},"fnMap":{},"branchMap":{},"s":{},"f":{},"b":{}}
,"/Users/deluxan.mariathasan/Documents/Projects/cric-at/tailwind.config.js": {"path":"/Users/deluxan.mariathasan/Documents/Projects/cric-at/tailwind.config.js","statementMap":{"0":{"start":{"line":2,"column":0},"end":{"line":20,"column":1}}},"fnMap":{},"branchMap":{},"s":{"0":0},"f":{},"b":{}}
,"/Users/deluxan.mariathasan/Documents/Projects/cric-at/src/api/matches/matches.api.ts": {"path":"/Users/deluxan.mariathasan/Documents/Projects/cric-at/src/api/matches/matches.api.ts","statementMap":{"0":{"start":{"line":5,"column":12},"end":{"line":5,"column":43}},"1":{"start":{"line":6,"column":16},"end":{"line":6,"column":55}},"2":{"start":{"line":7,"column":17},"end":{"line":7,"column":57}},"3":{"start":{"line":9,"column":31},"end":{"line":17,"column":1}},"4":{"start":{"line":10,"column":15},"end":{"line":10,"column":57}},"5":{"start":{"line":12,"column":2},"end":{"line":14,"column":3}},"6":{"start":{"line":13,"column":4},"end":{"line":13,"column":42}},"7":{"start":{"line":16,"column":2},"end":{"line":16,"column":13}}},"fnMap":{"0":{"name":"(anonymous_0)","decl":{"start":{"line":9,"column":31},"end":{"line":9,"column":32}},"loc":{"start":{"line":9,"column":43},"end":{"line":17,"column":1}},"line":9}},"branchMap":{"0":{"loc":{"start":{"line":12,"column":2},"end":{"line":14,"column":3}},"type":"if","locations":[{"start":{"line":12,"column":2},"end":{"line":14,"column":3}},{"start":{},"end":{}}],"line":12}},"s":{"0":1,"1":1,"2":1,"3":1,"4":0,"5":0,"6":0,"7":0},"f":{"0":0},"b":{"0":[0,0]},"_coverageSchema":"1a1c01bbd47fc00a2c39e90264f33305004495a9","hash":"6ee6a3c70d52c14845d2c74edffbbe217c9d7ebb"}
,"/Users/deluxan.mariathasan/Documents/Projects/cric-at/src/api/matches/matches.api.types.ts": {"path":"/Users/deluxan.mariathasan/Documents/Projects/cric-at/src/api/matches/matches.api.types.ts","statementMap":{},"fnMap":{},"branchMap":{},"s":{},"f":{},"b":{}}
,"/Users/deluxan.mariathasan/Documents/Projects/cric-at/src/app/(tabs)/index.tsx": {"path":"/Users/deluxan.mariathasan/Documents/Projects/cric-at/src/app/(tabs)/index.tsx","statementMap":{"0":{"start":{"line":9,"column":13},"end":{"line":25,"column":1}},"1":{"start":{"line":10,"column":60},"end":{"line":10,"column":77}},"2":{"start":{"line":11,"column":15},"end":{"line":11,"column":51}},"3":{"start":{"line":13,"column":2},"end":{"line":15,"column":8}},"4":{"start":{"line":14,"column":4},"end":{"line":14,"column":20}},"5":{"start":{"line":17,"column":2},"end":{"line":24,"column":3}}},"fnMap":{"0":{"name":"(anonymous_0)","decl":{"start":{"line":9,"column":13},"end":{"line":9,"column":14}},"loc":{"start":{"line":9,"column":19},"end":{"line":25,"column":1}},"line":9},"1":{"name":"(anonymous_1)","decl":{"start":{"line":13,"column":12},"end":{"line":13,"column":13}},"loc":{"start":{"line":13,"column":18},"end":{"line":15,"column":3}},"line":13}},"branchMap":{},"s":{"0":1,"1":3,"2":2,"3":2,"4":0,"5":2},"f":{"0":3,"1":0},"b":{},"_coverageSchema":"1a1c01bbd47fc00a2c39e90264f33305004495a9","hash":"2f3f5615bea32aecb48517afb01cc5107002a74f"}
,"/Users/deluxan.mariathasan/Documents/Projects/cric-at/src/app/(tabs)/live.tsx": {"path":"/Users/deluxan.mariathasan/Documents/Projects/cric-at/src/app/(tabs)/live.tsx","statementMap":{"0":{"start":{"line":4,"column":13},"end":{"line":10,"column":1}},"1":{"start":{"line":5,"column":2},"end":{"line":9,"column":3}},"2":{"start":{"line":14,"column":15},"end":{"line":14,"column":36}}},"fnMap":{"0":{"name":"(anonymous_0)","decl":{"start":{"line":4,"column":13},"end":{"line":4,"column":14}},"loc":{"start":{"line":4,"column":19},"end":{"line":10,"column":1}},"line":4}},"branchMap":{},"s":{"0":1,"1":1,"2":1},"f":{"0":1},"b":{},"_coverageSchema":"1a1c01bbd47fc00a2c39e90264f33305004495a9","hash":"07b03b44b7a7438860aeb4b129e8664eff38fe3b"}
,"/Users/deluxan.mariathasan/Documents/Projects/cric-at/src/app/(tabs)/news.tsx": {"path":"/Users/deluxan.mariathasan/Documents/Projects/cric-at/src/app/(tabs)/news.tsx","statementMap":{"0":{"start":{"line":4,"column":13},"end":{"line":10,"column":1}},"1":{"start":{"line":5,"column":2},"end":{"line":9,"column":3}},"2":{"start":{"line":14,"column":15},"end":{"line":14,"column":36}}},"fnMap":{"0":{"name":"(anonymous_0)","decl":{"start":{"line":4,"column":13},"end":{"line":4,"column":14}},"loc":{"start":{"line":4,"column":19},"end":{"line":10,"column":1}},"line":4}},"branchMap":{},"s":{"0":1,"1":1,"2":1},"f":{"0":1},"b":{},"_coverageSchema":"1a1c01bbd47fc00a2c39e90264f33305004495a9","hash":"8f1e81c4b39768dce3bf7fec0ad96040904c4c5b"}
,"/Users/deluxan.mariathasan/Documents/Projects/cric-at/src/app/(tabs)/series.tsx": {"path":"/Users/deluxan.mariathasan/Documents/Projects/cric-at/src/app/(tabs)/series.tsx","statementMap":{"0":{"start":{"line":4,"column":15},"end":{"line":10,"column":1}},"1":{"start":{"line":5,"column":2},"end":{"line":9,"column":3}},"2":{"start":{"line":14,"column":15},"end":{"line":14,"column":36}}},"fnMap":{"0":{"name":"(anonymous_0)","decl":{"start":{"line":4,"column":15},"end":{"line":4,"column":16}},"loc":{"start":{"line":4,"column":21},"end":{"line":10,"column":1}},"line":4}},"branchMap":{},"s":{"0":1,"1":1,"2":1},"f":{"0":1},"b":{},"_coverageSchema":"1a1c01bbd47fc00a2c39e90264f33305004495a9","hash":"e2a97e02b83e14e66c71eb278b2c51d05cf36ca8"}
,"/Users/deluxan.mariathasan/Documents/Projects/cric-at/src/app/(tabs)/videos.tsx": {"path":"/Users/deluxan.mariathasan/Documents/Projects/cric-at/src/app/(tabs)/videos.tsx","statementMap":{"0":{"start":{"line":4,"column":15},"end":{"line":10,"column":1}},"1":{"start":{"line":5,"column":2},"end":{"line":9,"column":3}},"2":{"start":{"line":14,"column":15},"end":{"line":14,"column":36}}},"fnMap":{"0":{"name":"(anonymous_0)","decl":{"start":{"line":4,"column":15},"end":{"line":4,"column":16}},"loc":{"start":{"line":4,"column":21},"end":{"line":10,"column":1}},"line":4}},"branchMap":{},"s":{"0":1,"1":1,"2":1},"f":{"0":1},"b":{},"_coverageSchema":"1a1c01bbd47fc00a2c39e90264f33305004495a9","hash":"1c7e9d06734f3c808b06cb32a127350d440d03a8"}
,"/Users/deluxan.mariathasan/Documents/Projects/cric-at/src/components/header.tsx": {"path":"/Users/deluxan.mariathasan/Documents/Projects/cric-at/src/components/header.tsx","statementMap":{"0":{"start":{"line":14,"column":15},"end":{"line":47,"column":1}},"1":{"start":{"line":20,"column":2},"end":{"line":46,"column":3}}},"fnMap":{"0":{"name":"(anonymous_0)","decl":{"start":{"line":14,"column":15},"end":{"line":14,"column":16}},"loc":{"start":{"line":19,"column":13},"end":{"line":47,"column":1}},"line":19}},"branchMap":{"0":{"loc":{"start":{"line":27,"column":11},"end":{"line":36,"column":11}},"type":"binary-expr","locations":[{"start":{"line":27,"column":11},"end":{"line":27,"column":30}},{"start":{"line":28,"column":12},"end":{"line":35,"column":31}}],"line":27},"1":{"loc":{"start":{"line":37,"column":11},"end":{"line":41,"column":11}},"type":"binary-expr","locations":[{"start":{"line":37,"column":11},"end":{"line":37,"column":25}},{"start":{"line":38,"column":12},"end":{"line":40,"column":31}}],"line":37}},"s":{"0":1,"1":2},"f":{"0":2},"b":{"0":[2,2],"1":[2,2]},"_coverageSchema":"1a1c01bbd47fc00a2c39e90264f33305004495a9","hash":"00fdb47d6276a767ccd1b1e14007890797744ec9"}
,"/Users/deluxan.mariathasan/Documents/Projects/cric-at/src/components/matches-tabs.tsx": {"path":"/Users/deluxan.mariathasan/Documents/Projects/cric-at/src/components/matches-tabs.tsx","statementMap":{"0":{"start":{"line":9,"column":20},"end":{"line":34,"column":1}},"1":{"start":{"line":10,"column":40},"end":{"line":10,"column":51}},"2":{"start":{"line":12,"column":2},"end":{"line":33,"column":3}},"3":{"start":{"line":15,"column":30},"end":{"line":15,"column":39}},"4":{"start":{"line":19,"column":8},"end":{"line":30,"column":11}},"5":{"start":{"line":23,"column":29},"end":{"line":23,"column":50}}},"fnMap":{"0":{"name":"(anonymous_0)","decl":{"start":{"line":9,"column":20},"end":{"line":9,"column":21}},"loc":{"start":{"line":9,"column":41},"end":{"line":34,"column":1}},"line":9},"1":{"name":"(anonymous_1)","decl":{"start":{"line":15,"column":20},"end":{"line":15,"column":21}},"loc":{"start":{"line":15,"column":30},"end":{"line":15,"column":39}},"line":15},"2":{"name":"(anonymous_2)","decl":{"start":{"line":18,"column":18},"end":{"line":18,"column":19}},"loc":{"start":{"line":19,"column":8},"end":{"line":30,"column":11}},"line":19},"3":{"name":"(anonymous_3)","decl":{"start":{"line":23,"column":23},"end":{"line":23,"column":24}},"loc":{"start":{"line":23,"column":29},"end":{"line":23,"column":50}},"line":23}},"branchMap":{"0":{"loc":{"start":{"line":20,"column":11},"end":{"line":29,"column":11}},"type":"binary-expr","locations":[{"start":{"line":20,"column":11},"end":{"line":20,"column":32}},{"start":{"line":21,"column":12},"end":{"line":28,"column":31}}],"line":20},"1":{"loc":{"start":{"line":26,"column":41},"end":{"line":26,"column":81}},"type":"cond-expr","locations":[{"start":{"line":26,"column":65},"end":{"line":26,"column":76}},{"start":{"line":26,"column":79},"end":{"line":26,"column":81}}],"line":26}},"s":{"0":1,"1":2,"2":2,"3":4,"4":2,"5":0},"f":{"0":2,"1":4,"2":2,"3":0},"b":{"0":[2,0],"1":[0,0]},"_coverageSchema":"1a1c01bbd47fc00a2c39e90264f33305004495a9","hash":"de343b38611b6c358c41aa6fa449d77a1009a3e6"}
,"/Users/deluxan.mariathasan/Documents/Projects/cric-at/src/components/monospaced-text.tsx": {"path":"/Users/deluxan.mariathasan/Documents/Projects/cric-at/src/components/monospaced-text.tsx","statementMap":{"0":{"start":{"line":10,"column":23},"end":{"line":28,"column":1}},"1":{"start":{"line":16,"column":21},"end":{"line":16,"column":23}},"2":{"start":{"line":18,"column":2},"end":{"line":18,"column":40}},"3":{"start":{"line":18,"column":12},"end":{"line":18,"column":40}},"4":{"start":{"line":19,"column":2},"end":{"line":19,"column":42}},"5":{"start":{"line":19,"column":13},"end":{"line":19,"column":42}},"6":{"start":{"line":21,"column":2},"end":{"line":27,"column":3}}},"fnMap":{"0":{"name":"(anonymous_0)","decl":{"start":{"line":10,"column":23},"end":{"line":10,"column":24}},"loc":{"start":{"line":15,"column":13},"end":{"line":28,"column":1}},"line":15}},"branchMap":{"0":{"loc":{"start":{"line":12,"column":2},"end":{"line":12,"column":14}},"type":"default-arg","locations":[{"start":{"line":12,"column":9},"end":{"line":12,"column":14}}],"line":12},"1":{"loc":{"start":{"line":13,"column":2},"end":{"line":13,"column":15}},"type":"default-arg","locations":[{"start":{"line":13,"column":10},"end":{"line":13,"column":15}}],"line":13},"2":{"loc":{"start":{"line":18,"column":2},"end":{"line":18,"column":40}},"type":"if","locations":[{"start":{"line":18,"column":2},"end":{"line":18,"column":40}},{"start":{},"end":{}}],"line":18},"3":{"loc":{"start":{"line":19,"column":2},"end":{"line":19,"column":42}},"type":"if","locations":[{"start":{"line":19,"column":2},"end":{"line":19,"column":42}},{"start":{},"end":{}}],"line":19}},"s":{"0":1,"1":2,"2":2,"3":2,"4":2,"5":2,"6":2},"f":{"0":2},"b":{"0":[0],"1":[0],"2":[2,0],"3":[2,0]},"_coverageSchema":"1a1c01bbd47fc00a2c39e90264f33305004495a9","hash":"24c7091a91c3a229e2f9019cdf17f5f5e2710037"}
,"/Users/deluxan.mariathasan/Documents/Projects/cric-at/src/custom-types/globals.ts": {"path":"/Users/deluxan.mariathasan/Documents/Projects/cric-at/src/custom-types/globals.ts","statementMap":{},"fnMap":{},"branchMap":{},"s":{},"f":{},"b":{}}
,"/Users/deluxan.mariathasan/Documents/Projects/cric-at/src/custom-types/utils.ts": {"path":"/Users/deluxan.mariathasan/Documents/Projects/cric-at/src/custom-types/utils.ts","statementMap":{},"fnMap":{},"branchMap":{},"s":{},"f":{},"b":{}}
,"/Users/deluxan.mariathasan/Documents/Projects/cric-at/src/store/matches/matches.store.ts": {"path":"/Users/deluxan.mariathasan/Documents/Projects/cric-at/src/store/matches/matches.store.ts","statementMap":{"0":{"start":{"line":5,"column":31},"end":{"line":13,"column":3}},"1":{"start":{"line":5,"column":62},"end":{"line":13,"column":1}},"2":{"start":{"line":9,"column":17},"end":{"line":9,"column":40}},"3":{"start":{"line":10,"column":4},"end":{"line":10,"column":54}},"4":{"start":{"line":10,"column":15},"end":{"line":10,"column":54}},"5":{"start":{"line":10,"column":26},"end":{"line":10,"column":52}},"6":{"start":{"line":11,"column":4},"end":{"line":11,"column":38}},"7":{"start":{"line":11,"column":15},"end":{"line":11,"column":36}}},"fnMap":{"0":{"name":"(anonymous_0)","decl":{"start":{"line":5,"column":52},"end":{"line":5,"column":53}},"loc":{"start":{"line":5,"column":62},"end":{"line":13,"column":1}},"line":5},"1":{"name":"(anonymous_1)","decl":{"start":{"line":8,"column":18},"end":{"line":8,"column":19}},"loc":{"start":{"line":8,"column":30},"end":{"line":12,"column":3}},"line":8},"2":{"name":"(anonymous_2)","decl":{"start":{"line":10,"column":19},"end":{"line":10,"column":20}},"loc":{"start":{"line":10,"column":26},"end":{"line":10,"column":52}},"line":10},"3":{"name":"(anonymous_3)","decl":{"start":{"line":11,"column":8},"end":{"line":11,"column":9}},"loc":{"start":{"line":11,"column":15},"end":{"line":11,"column":36}},"line":11}},"branchMap":{"0":{"loc":{"start":{"line":10,"column":4},"end":{"line":10,"column":54}},"type":"if","locations":[{"start":{"line":10,"column":4},"end":{"line":10,"column":54}},{"start":{},"end":{}}],"line":10}},"s":{"0":1,"1":1,"2":0,"3":0,"4":0,"5":0,"6":0,"7":0},"f":{"0":1,"1":0,"2":0,"3":0},"b":{"0":[0,0]},"_coverageSchema":"1a1c01bbd47fc00a2c39e90264f33305004495a9","hash":"cf580865010c4c71c9e2bd0171592213e3d2e8b7"}
,"/Users/deluxan.mariathasan/Documents/Projects/cric-at/src/store/matches/matches.store.types.ts": {"path":"/Users/deluxan.mariathasan/Documents/Projects/cric-at/src/store/matches/matches.store.types.ts","statementMap":{},"fnMap":{},"branchMap":{},"s":{},"f":{},"b":{}}
,"/Users/deluxan.mariathasan/Documents/Projects/cric-at/src/utils/matches.utils.ts": {"path":"/Users/deluxan.mariathasan/Documents/Projects/cric-at/src/utils/matches.utils.ts","statementMap":{"0":{"start":{"line":4,"column":39},"end":{"line":53,"column":1}},"1":{"start":{"line":7,"column":22},"end":{"line":7,"column":45}},"2":{"start":{"line":8,"column":18},"end":{"line":8,"column":48}},"3":{"start":{"line":10,"column":25},"end":{"line":16,"column":3}},"4":{"start":{"line":18,"column":2},"end":{"line":36,"column":4}},"5":{"start":{"line":19,"column":22},"end":{"line":19,"column":41}},"6":{"start":{"line":20,"column":26},"end":{"line":20,"column":55}},"7":{"start":{"line":22,"column":23},"end":{"line":22,"column":24}},"8":{"start":{"line":24,"column":4},"end":{"line":31,"column":6}},"9":{"start":{"line":25,"column":6},"end":{"line":30,"column":7}},"10":{"start":{"line":29,"column":8},"end":{"line":29,"column":61}},"11":{"start":{"line":33,"column":4},"end":{"line":35,"column":5}},"12":{"start":{"line":34,"column":6},"end":{"line":34,"column":49}},"13":{"start":{"line":38,"column":34},"end":{"line":50,"column":3}},"14":{"start":{"line":42,"column":24},"end":{"line":42,"column":35}},"15":{"start":{"line":46,"column":30},"end":{"line":49,"column":5}},"16":{"start":{"line":52,"column":2},"end":{"line":52,"column":15}}},"fnMap":{"0":{"name":"(anonymous_0)","decl":{"start":{"line":4,"column":39},"end":{"line":4,"column":40}},"loc":{"start":{"line":6,"column":22},"end":{"line":53,"column":1}},"line":6},"1":{"name":"(anonymous_1)","decl":{"start":{"line":18,"column":18},"end":{"line":18,"column":19}},"loc":{"start":{"line":18,"column":33},"end":{"line":36,"column":3}},"line":18},"2":{"name":"(anonymous_2)","decl":{"start":{"line":24,"column":22},"end":{"line":24,"column":23}},"loc":{"start":{"line":24,"column":34},"end":{"line":31,"column":5}},"line":24},"3":{"name":"(anonymous_3)","decl":{"start":{"line":42,"column":8},"end":{"line":42,"column":9}},"loc":{"start":{"line":42,"column":24},"end":{"line":42,"column":35}},"line":42},"4":{"name":"(anonymous_4)","decl":{"start":{"line":46,"column":19},"end":{"line":46,"column":20}},"loc":{"start":{"line":46,"column":30},"end":{"line":49,"column":5}},"line":46}},"branchMap":{"0":{"loc":{"start":{"line":7,"column":22},"end":{"line":7,"column":45}},"type":"binary-expr","locations":[{"start":{"line":7,"column":22},"end":{"line":7,"column":39}},{"start":{"line":7,"column":43},"end":{"line":7,"column":45}}],"line":7},"1":{"loc":{"start":{"line":8,"column":18},"end":{"line":8,"column":48}},"type":"binary-expr","locations":[{"start":{"line":8,"column":18},"end":{"line":8,"column":42}},{"start":{"line":8,"column":46},"end":{"line":8,"column":48}}],"line":8},"2":{"loc":{"start":{"line":20,"column":26},"end":{"line":20,"column":55}},"type":"binary-expr","locations":[{"start":{"line":20,"column":26},"end":{"line":20,"column":49}},{"start":{"line":20,"column":53},"end":{"line":20,"column":55}}],"line":20},"3":{"loc":{"start":{"line":25,"column":6},"end":{"line":30,"column":7}},"type":"if","locations":[{"start":{"line":25,"column":6},"end":{"line":30,"column":7}},{"start":{},"end":{}}],"line":25},"4":{"loc":{"start":{"line":26,"column":8},"end":{"line":27,"column":53}},"type":"binary-expr","locations":[{"start":{"line":26,"column":8},"end":{"line":26,"column":30}},{"start":{"line":27,"column":8},"end":{"line":27,"column":53}}],"line":26},"5":{"loc":{"start":{"line":33,"column":4},"end":{"line":35,"column":5}},"type":"if","locations":[{"start":{"line":33,"column":4},"end":{"line":35,"column":5}},{"start":{},"end":{}}],"line":33}},"s":{"0":1,"1":2,"2":2,"3":2,"4":2,"5":0,"6":0,"7":0,"8":0,"9":0,"10":0,"11":0,"12":0,"13":2,"14":10,"15":0,"16":2},"f":{"0":2,"1":0,"2":0,"3":10,"4":0},"b":{"0":[2,2],"1":[2,2],"2":[0,0],"3":[0,0],"4":[0,0],"5":[0,0]},"_coverageSchema":"1a1c01bbd47fc00a2c39e90264f33305004495a9","hash":"ae817db9bf1b86d8f3c8b97bc05a3e63a2df4730"}
,"/Users/deluxan.mariathasan/Documents/Projects/cric-at/src/utils/theme.ts": {"path":"/Users/deluxan.mariathasan/Documents/Projects/cric-at/src/utils/theme.ts","statementMap":{"0":{"start":{"line":3,"column":33},"end":{"line":12,"column":1}},"1":{"start":{"line":14,"column":32},"end":{"line":23,"column":1}}},"fnMap":{},"branchMap":{},"s":{"0":1,"1":1},"f":{},"b":{},"_coverageSchema":"1a1c01bbd47fc00a2c39e90264f33305004495a9","hash":"1d76d01bad3d13546dec09fddc42d10786fe4990"}
}
