{"/Users/deluxan.mariathasan/Documents/Projects/cric-at/src/app/(tabs)/index.tsx": {"path":"/Users/deluxan.mariathasan/Documents/Projects/cric-at/src/app/(tabs)/index.tsx","statementMap":{"0":{"start":{"line":4,"column":13},"end":{"line":10,"column":1}},"1":{"start":{"line":5,"column":2},"end":{"line":9,"column":3}},"2":{"start":{"line":14,"column":15},"end":{"line":14,"column":36}}},"fnMap":{"0":{"name":"(anonymous_0)","decl":{"start":{"line":4,"column":13},"end":{"line":4,"column":14}},"loc":{"start":{"line":4,"column":19},"end":{"line":10,"column":1}},"line":4}},"branchMap":{},"s":{"0":1,"1":1,"2":1},"f":{"0":1},"b":{},"_coverageSchema":"1a1c01bbd47fc00a2c39e90264f33305004495a9","hash":"fb100cdadeea96b11870232cd9c36b3ba5671aa4"}
,"/Users/deluxan.mariathasan/Documents/Projects/cric-at/src/app/(tabs)/live.tsx": {"path":"/Users/deluxan.mariathasan/Documents/Projects/cric-at/src/app/(tabs)/live.tsx","statementMap":{"0":{"start":{"line":4,"column":13},"end":{"line":10,"column":1}},"1":{"start":{"line":5,"column":2},"end":{"line":9,"column":3}},"2":{"start":{"line":14,"column":15},"end":{"line":14,"column":36}}},"fnMap":{"0":{"name":"(anonymous_0)","decl":{"start":{"line":4,"column":13},"end":{"line":4,"column":14}},"loc":{"start":{"line":4,"column":19},"end":{"line":10,"column":1}},"line":4}},"branchMap":{},"s":{"0":1,"1":1,"2":1},"f":{"0":1},"b":{},"_coverageSchema":"1a1c01bbd47fc00a2c39e90264f33305004495a9","hash":"07b03b44b7a7438860aeb4b129e8664eff38fe3b"}
,"/Users/deluxan.mariathasan/Documents/Projects/cric-at/src/app/(tabs)/news.tsx": {"path":"/Users/deluxan.mariathasan/Documents/Projects/cric-at/src/app/(tabs)/news.tsx","statementMap":{"0":{"start":{"line":4,"column":13},"end":{"line":10,"column":1}},"1":{"start":{"line":5,"column":2},"end":{"line":9,"column":3}},"2":{"start":{"line":14,"column":15},"end":{"line":14,"column":36}}},"fnMap":{"0":{"name":"(anonymous_0)","decl":{"start":{"line":4,"column":13},"end":{"line":4,"column":14}},"loc":{"start":{"line":4,"column":19},"end":{"line":10,"column":1}},"line":4}},"branchMap":{},"s":{"0":1,"1":1,"2":1},"f":{"0":1},"b":{},"_coverageSchema":"1a1c01bbd47fc00a2c39e90264f33305004495a9","hash":"8f1e81c4b39768dce3bf7fec0ad96040904c4c5b"}
,"/Users/deluxan.mariathasan/Documents/Projects/cric-at/src/app/(tabs)/series.tsx": {"path":"/Users/deluxan.mariathasan/Documents/Projects/cric-at/src/app/(tabs)/series.tsx","statementMap":{"0":{"start":{"line":4,"column":15},"end":{"line":10,"column":1}},"1":{"start":{"line":5,"column":2},"end":{"line":9,"column":3}},"2":{"start":{"line":14,"column":15},"end":{"line":14,"column":36}}},"fnMap":{"0":{"name":"(anonymous_0)","decl":{"start":{"line":4,"column":15},"end":{"line":4,"column":16}},"loc":{"start":{"line":4,"column":21},"end":{"line":10,"column":1}},"line":4}},"branchMap":{},"s":{"0":1,"1":1,"2":1},"f":{"0":1},"b":{},"_coverageSchema":"1a1c01bbd47fc00a2c39e90264f33305004495a9","hash":"e2a97e02b83e14e66c71eb278b2c51d05cf36ca8"}
,"/Users/deluxan.mariathasan/Documents/Projects/cric-at/src/app/(tabs)/videos.tsx": {"path":"/Users/deluxan.mariathasan/Documents/Projects/cric-at/src/app/(tabs)/videos.tsx","statementMap":{"0":{"start":{"line":4,"column":15},"end":{"line":10,"column":1}},"1":{"start":{"line":5,"column":2},"end":{"line":9,"column":3}},"2":{"start":{"line":14,"column":15},"end":{"line":14,"column":36}}},"fnMap":{"0":{"name":"(anonymous_0)","decl":{"start":{"line":4,"column":15},"end":{"line":4,"column":16}},"loc":{"start":{"line":4,"column":21},"end":{"line":10,"column":1}},"line":4}},"branchMap":{},"s":{"0":1,"1":1,"2":1},"f":{"0":1},"b":{},"_coverageSchema":"1a1c01bbd47fc00a2c39e90264f33305004495a9","hash":"1c7e9d06734f3c808b06cb32a127350d440d03a8"}
,"/Users/deluxan.mariathasan/Documents/Projects/cric-at/src/utils/theme.ts": {"path":"/Users/deluxan.mariathasan/Documents/Projects/cric-at/src/utils/theme.ts","statementMap":{"0":{"start":{"line":3,"column":33},"end":{"line":12,"column":1}},"1":{"start":{"line":14,"column":32},"end":{"line":23,"column":1}}},"fnMap":{},"branchMap":{},"s":{"0":1,"1":1},"f":{},"b":{},"_coverageSchema":"1a1c01bbd47fc00a2c39e90264f33305004495a9","hash":"1d76d01bad3d13546dec09fddc42d10786fe4990"}
}
